0 info it worked if it ends with ok
1 verbose cli [ 'C:\\Program Files\\nodejs\\node.exe',
1 verbose cli   'C:\\Users\\Administrator\\AppData\\Roaming\\npm\\node_modules\\npm\\bin\\npm-cli.js',
1 verbose cli   'start' ]
2 info using npm@3.10.8
3 info using node@v6.6.0
4 verbose run-script [ 'prestart', 'start', 'poststart' ]
5 info lifecycle basetemplatev2@1.0.0~prestart: basetemplatev2@1.0.0
6 silly lifecycle basetemplatev2@1.0.0~prestart: no script for prestart, continuing
7 info lifecycle basetemplatev2@1.0.0~start: basetemplatev2@1.0.0
8 verbose lifecycle basetemplatev2@1.0.0~start: unsafe-perm in lifecycle true
9 verbose lifecycle basetemplatev2@1.0.0~start: PATH: C:\Users\Administrator\AppData\Roaming\npm\node_modules\npm\bin\node-gyp-bin;c:\Development\WhatIsThis\node_modules\.bin;C:\Windows\system32;C:\Windows;C:\Windows\System32\Wbem;C:\Windows\System32\WindowsPowerShell\v1.0\;C:\Program Files\Microsoft SQL Server\110\DTS\Binn\;C:\Program Files (x86)\Microsoft SQL Server\110\Tools\Binn\;C:\Program Files\Microsoft SQL Server\110\Tools\Binn\;C:\Program Files (x86)\Microsoft SQL Server\110\Tools\Binn\ManagementStudio\;C:\Program Files (x86)\Microsoft Visual Studio 10.0\Common7\IDE\PrivateAssemblies\;C:\Program Files (x86)\Microsoft SQL Server\110\DTS\Binn\;C:\Program Files\Microsoft Office Servers\15.0\Bin\;C:\Program Files (x86)\Windows Kits\8.1\Windows Performance Toolkit\;C:\Program Files\Microsoft SQL Server\120\Tools\Binn\;C:\Program Files (x86)\Microsoft SDKs\TypeScript\1.4\;C:\Program Files\Git\cmd;C:\Users\Administrator\.dnx\bin;C:\Program Files\Microsoft DNX\Dnvm\;C:\Program Files\Microsoft SQL Server\130\Tools\Binn\;C:\Program Files\nodejs\;C:\Program Files (x86)\Microsoft VS Code\bin;C:\Users\Administrator\AppData\Roaming\npm
10 verbose lifecycle basetemplatev2@1.0.0~start: CWD: c:\Development\WhatIsThis
11 silly lifecycle basetemplatev2@1.0.0~start: Args: [ '/d /s /c', 'webpack-dev-server --no-Info --inline --watch' ]
12 silly lifecycle basetemplatev2@1.0.0~start: Returned: code: 3221225786  signal: null
13 info lifecycle basetemplatev2@1.0.0~start: Failed to exec start script
14 verbose stack Error: basetemplatev2@1.0.0 start: `webpack-dev-server --no-Info --inline --watch`
14 verbose stack Exit status 3221225786
14 verbose stack     at EventEmitter.<anonymous> (C:\Users\Administrator\AppData\Roaming\npm\node_modules\npm\lib\utils\lifecycle.js:255:16)
14 verbose stack     at emitTwo (events.js:106:13)
14 verbose stack     at EventEmitter.emit (events.js:191:7)
14 verbose stack     at ChildProcess.<anonymous> (C:\Users\Administrator\AppData\Roaming\npm\node_modules\npm\lib\utils\spawn.js:40:14)
14 verbose stack     at emitTwo (events.js:106:13)
14 verbose stack     at ChildProcess.emit (events.js:191:7)
14 verbose stack     at maybeClose (internal/child_process.js:877:16)
14 verbose stack     at Process.ChildProcess._handle.onexit (internal/child_process.js:226:5)
15 verbose pkgid basetemplatev2@1.0.0
16 verbose cwd c:\Development\WhatIsThis
17 error Windows_NT 6.3.9600
18 error argv "C:\\Program Files\\nodejs\\node.exe" "C:\\Users\\Administrator\\AppData\\Roaming\\npm\\node_modules\\npm\\bin\\npm-cli.js" "start"
19 error node v6.6.0
20 error npm  v3.10.8
21 error code ELIFECYCLE
22 error basetemplatev2@1.0.0 start: `webpack-dev-server --no-Info --inline --watch`
22 error Exit status 3221225786
23 error Failed at the basetemplatev2@1.0.0 start script 'webpack-dev-server --no-Info --inline --watch'.
23 error Make sure you have the latest version of node.js and npm installed.
23 error If you do, this is most likely a problem with the basetemplatev2 package,
23 error not with npm itself.
23 error Tell the author that this fails on your system:
23 error     webpack-dev-server --no-Info --inline --watch
23 error You can get information on how to open an issue for this project with:
23 error     npm bugs basetemplatev2
23 error Or if that isn't available, you can get their info via:
23 error     npm owner ls basetemplatev2
23 error There is likely additional logging output above.
24 verbose exit [ 1, true ]
